<?xml version="1.0" encoding="UTF-8"?>
<testng-results skipped="0" failed="0" ignored="0" total="1" passed="1">
  <reporter-output>
  </reporter-output>
  <suite name="Surefire suite" duration-ms="29" started-at="2021-02-24T06:03:00Z" finished-at="2021-02-24T06:03:00Z">
    <groups>
    </groups>
    <test name="Surefire test" duration-ms="29" started-at="2021-02-24T06:03:00Z" finished-at="2021-02-24T06:03:00Z">
      <class name="Maven.Simplilearn_Maven.AppTest">
        <test-method status="PASS" signature="testApp()[pri:0, instance:Maven.Simplilearn_Maven.AppTest@5ba23b66]" name="testApp" duration-ms="8" started-at="2021-02-24T06:03:00Z" finished-at="2021-02-24T06:03:00Z">
          <reporter-output>
          </reporter-output>
        </test-method> <!-- testApp -->
      </class> <!-- Maven.Simplilearn_Maven.AppTest -->
    </test> <!-- Surefire test -->
  </suite> <!-- Surefire suite -->
</testng-results>
